2024-07-31 02:40:27.242069+00:00 [notice] <0.254.0> Logging: configured log handlers are now ACTIVE
2024-07-31 02:40:27.247599+00:00 [info] <0.254.0> ra: starting system quorum_queues
2024-07-31 02:40:27.247631+00:00 [info] <0.254.0> starting Ra system: quorum_queues in directory: /var/lib/rabbitmq/mnesia/rabbit@020629ca1916/quorum/rabbit@020629ca1916
2024-07-31 02:40:27.285590+00:00 [info] <0.269.0> ra system 'quorum_queues' running pre init for 0 registered servers
2024-07-31 02:40:27.293158+00:00 [info] <0.270.0> ra: meta data store initialised for system quorum_queues. 0 record(s) recovered
2024-07-31 02:40:27.299550+00:00 [notice] <0.275.0> WAL: ra_log_wal init, open tbls: ra_log_open_mem_tables, closed tbls: ra_log_closed_mem_tables
2024-07-31 02:40:27.308669+00:00 [info] <0.254.0> ra: starting system coordination
2024-07-31 02:40:27.308711+00:00 [info] <0.254.0> starting Ra system: coordination in directory: /var/lib/rabbitmq/mnesia/rabbit@020629ca1916/coordination/rabbit@020629ca1916
2024-07-31 02:40:27.310437+00:00 [info] <0.283.0> ra system 'coordination' running pre init for 0 registered servers
2024-07-31 02:40:27.311465+00:00 [info] <0.284.0> ra: meta data store initialised for system coordination. 0 record(s) recovered
2024-07-31 02:40:27.311548+00:00 [notice] <0.289.0> WAL: ra_coordination_log_wal init, open tbls: ra_coordination_log_open_mem_tables, closed tbls: ra_coordination_log_closed_mem_tables
2024-07-31 02:40:27.312786+00:00 [info] <0.254.0> ra: starting system coordination
2024-07-31 02:40:27.312808+00:00 [info] <0.254.0> starting Ra system: coordination in directory: /var/lib/rabbitmq/mnesia/rabbit@020629ca1916/coordination/rabbit@020629ca1916
2024-07-31 02:40:27.389460+00:00 [info] <0.254.0> Waiting for Khepri leader for 30000 ms, 9 retries left
2024-07-31 02:40:27.391030+00:00 [notice] <0.293.0> RabbitMQ metadata store: candidate -> leader in term: 1 machine version: 1
2024-07-31 02:40:27.397293+00:00 [info] <0.254.0> Khepri leader elected
2024-07-31 02:40:27.541911+00:00 [info] <0.254.0> 
2024-07-31 02:40:27.541911+00:00 [info] <0.254.0>  Starting RabbitMQ 3.13.6 on Erlang 26.2.5.2 [jit]
2024-07-31 02:40:27.541911+00:00 [info] <0.254.0>  Copyright (c) 2007-2024 Broadcom Inc and/or its subsidiaries
2024-07-31 02:40:27.541911+00:00 [info] <0.254.0>  Licensed under the MPL 2.0. Website: https://rabbitmq.com
2024-07-31 02:40:27.542755+00:00 [info] <0.254.0> 
2024-07-31 02:40:27.542755+00:00 [info] <0.254.0>  node           : rabbit@020629ca1916
2024-07-31 02:40:27.542755+00:00 [info] <0.254.0>  home dir       : /var/lib/rabbitmq
2024-07-31 02:40:27.542755+00:00 [info] <0.254.0>  config file(s) : (none)
2024-07-31 02:40:27.542755+00:00 [info] <0.254.0>  cookie hash    : 5ekwfNCQL6vTgolvN+Unmw==
2024-07-31 02:40:27.542755+00:00 [info] <0.254.0>  log(s)         : /var/log/rabbitmq/rabbit@020629ca1916.log
2024-07-31 02:40:27.542755+00:00 [info] <0.254.0>                 : <stdout>
2024-07-31 02:40:27.542755+00:00 [info] <0.254.0>  data dir       : /var/lib/rabbitmq/mnesia/rabbit@020629ca1916
2024-07-31 02:40:27.583769+00:00 [info] <0.254.0> Running boot step pre_boot defined by app rabbit
2024-07-31 02:40:27.583806+00:00 [info] <0.254.0> Running boot step rabbit_global_counters defined by app rabbit
2024-07-31 02:40:27.583943+00:00 [info] <0.254.0> Running boot step rabbit_osiris_metrics defined by app rabbit
2024-07-31 02:40:27.584000+00:00 [info] <0.254.0> Running boot step rabbit_core_metrics defined by app rabbit
2024-07-31 02:40:27.584993+00:00 [info] <0.254.0> Running boot step rabbit_alarm defined by app rabbit
2024-07-31 02:40:27.600537+00:00 [info] <0.329.0> Memory high watermark set to 3136 MiB (3288829132 bytes) of 7841 MiB (8222072832 bytes) total
2024-07-31 02:40:27.602009+00:00 [info] <0.331.0> Enabling free disk space monitoring (disk free space: 177754615808, total memory: 8222072832)
2024-07-31 02:40:27.602033+00:00 [info] <0.331.0> Disk free limit set to 50MB
2024-07-31 02:40:27.602811+00:00 [info] <0.254.0> Running boot step code_server_cache defined by app rabbit
2024-07-31 02:40:27.602849+00:00 [info] <0.254.0> Running boot step file_handle_cache defined by app rabbit
2024-07-31 02:40:27.606080+00:00 [info] <0.334.0> Limiting to approx 1048479 file handles (943629 sockets)
2024-07-31 02:40:27.606154+00:00 [info] <0.335.0> FHC read buffering: OFF
2024-07-31 02:40:27.606170+00:00 [info] <0.335.0> FHC write buffering: ON
2024-07-31 02:40:27.606349+00:00 [info] <0.254.0> Running boot step worker_pool defined by app rabbit
2024-07-31 02:40:27.606375+00:00 [info] <0.316.0> Will use 8 processes for default worker pool
2024-07-31 02:40:27.606387+00:00 [info] <0.316.0> Starting worker pool 'worker_pool' with 8 processes in it
2024-07-31 02:40:27.606580+00:00 [info] <0.254.0> Running boot step database defined by app rabbit
2024-07-31 02:40:27.606958+00:00 [info] <0.254.0> Peer discovery: configured backend: rabbit_peer_discovery_classic_config
2024-07-31 02:40:27.607660+00:00 [notice] <0.317.0> Feature flags: attempt to enable `quorum_queue_non_voters`...
2024-07-31 02:40:27.649330+00:00 [notice] <0.317.0> Feature flags: `quorum_queue_non_voters` enabled
2024-07-31 02:40:27.649396+00:00 [notice] <0.317.0> Feature flags: attempt to enable `stream_update_config_command`...
2024-07-31 02:40:27.697199+00:00 [notice] <0.317.0> Feature flags: `stream_update_config_command` enabled
2024-07-31 02:40:27.697295+00:00 [notice] <0.317.0> Feature flags: attempt to enable `stream_filtering`...
2024-07-31 02:40:27.730520+00:00 [notice] <0.317.0> Feature flags: `stream_filtering` enabled
2024-07-31 02:40:27.730577+00:00 [notice] <0.317.0> Feature flags: attempt to enable `stream_sac_coordinator_unblock_group`...
2024-07-31 02:40:27.766693+00:00 [notice] <0.317.0> Feature flags: `stream_sac_coordinator_unblock_group` enabled
2024-07-31 02:40:27.766769+00:00 [notice] <0.317.0> Feature flags: attempt to enable `restart_streams`...
2024-07-31 02:40:27.799806+00:00 [notice] <0.317.0> Feature flags: `restart_streams` enabled
2024-07-31 02:40:27.799860+00:00 [notice] <0.317.0> Feature flags: attempt to enable `message_containers`...
2024-07-31 02:40:27.835757+00:00 [notice] <0.317.0> Feature flags: `message_containers` enabled
2024-07-31 02:40:27.835862+00:00 [notice] <0.317.0> Feature flags: attempt to enable `message_containers_deaths_v2`...
2024-07-31 02:40:27.870729+00:00 [notice] <0.317.0> Feature flags: `message_containers_deaths_v2` enabled
2024-07-31 02:40:27.870937+00:00 [info] <0.254.0> DB: virgin node -> run peer discovery
2024-07-31 02:40:27.878185+00:00 [notice] <0.44.0> Application mnesia exited with reason: stopped
2024-07-31 02:40:27.959813+00:00 [info] <0.254.0> Waiting for Mnesia tables for 30000 ms, 9 retries left
2024-07-31 02:40:27.959876+00:00 [info] <0.254.0> Successfully synced tables from a peer
2024-07-31 02:40:27.959910+00:00 [info] <0.254.0> Waiting for Mnesia tables for 30000 ms, 9 retries left
2024-07-31 02:40:27.959941+00:00 [info] <0.254.0> Successfully synced tables from a peer
2024-07-31 02:40:27.962201+00:00 [info] <0.254.0> Waiting for Mnesia tables for 30000 ms, 9 retries left
2024-07-31 02:40:27.962298+00:00 [info] <0.254.0> Successfully synced tables from a peer
2024-07-31 02:40:27.962400+00:00 [info] <0.254.0> Running boot step tracking_metadata_store defined by app rabbit
2024-07-31 02:40:27.962436+00:00 [info] <0.555.0> Setting up a table for connection tracking on this node: tracked_connection
2024-07-31 02:40:27.962467+00:00 [info] <0.555.0> Setting up a table for per-vhost connection counting on this node: tracked_connection_per_vhost
2024-07-31 02:40:27.962503+00:00 [info] <0.555.0> Setting up a table for per-user connection counting on this node: tracked_connection_per_user
2024-07-31 02:40:27.962520+00:00 [info] <0.555.0> Setting up a table for channel tracking on this node: tracked_channel
2024-07-31 02:40:27.962541+00:00 [info] <0.555.0> Setting up a table for channel tracking on this node: tracked_channel_per_user
2024-07-31 02:40:27.962562+00:00 [info] <0.254.0> Running boot step networking_metadata_store defined by app rabbit
2024-07-31 02:40:27.962587+00:00 [info] <0.254.0> Running boot step feature_flags defined by app rabbit
2024-07-31 02:40:27.962667+00:00 [info] <0.254.0> Running boot step codec_correctness_check defined by app rabbit
2024-07-31 02:40:27.962685+00:00 [info] <0.254.0> Running boot step external_infrastructure defined by app rabbit
2024-07-31 02:40:27.962707+00:00 [info] <0.254.0> Running boot step rabbit_event defined by app rabbit
2024-07-31 02:40:27.962780+00:00 [info] <0.254.0> Running boot step rabbit_registry defined by app rabbit
2024-07-31 02:40:27.962815+00:00 [info] <0.254.0> Running boot step rabbit_auth_mechanism_amqplain defined by app rabbit
2024-07-31 02:40:27.962852+00:00 [info] <0.254.0> Running boot step rabbit_auth_mechanism_cr_demo defined by app rabbit
2024-07-31 02:40:27.962886+00:00 [info] <0.254.0> Running boot step rabbit_auth_mechanism_plain defined by app rabbit
2024-07-31 02:40:27.962933+00:00 [info] <0.254.0> Running boot step rabbit_exchange_type_direct defined by app rabbit
2024-07-31 02:40:27.962970+00:00 [info] <0.254.0> Running boot step rabbit_exchange_type_fanout defined by app rabbit
2024-07-31 02:40:27.962986+00:00 [info] <0.254.0> Running boot step rabbit_exchange_type_headers defined by app rabbit
2024-07-31 02:40:27.963002+00:00 [info] <0.254.0> Running boot step rabbit_exchange_type_topic defined by app rabbit
2024-07-31 02:40:27.963033+00:00 [info] <0.254.0> Running boot step rabbit_mirror_queue_mode_all defined by app rabbit
2024-07-31 02:40:27.963068+00:00 [info] <0.254.0> Running boot step rabbit_mirror_queue_mode_exactly defined by app rabbit
2024-07-31 02:40:27.963095+00:00 [info] <0.254.0> Running boot step rabbit_mirror_queue_mode_nodes defined by app rabbit
2024-07-31 02:40:27.963115+00:00 [info] <0.254.0> Running boot step rabbit_priority_queue defined by app rabbit
2024-07-31 02:40:27.963137+00:00 [info] <0.254.0> Priority queues enabled, real BQ is rabbit_variable_queue
2024-07-31 02:40:27.963168+00:00 [info] <0.254.0> Running boot step rabbit_queue_location_client_local defined by app rabbit
2024-07-31 02:40:27.963198+00:00 [info] <0.254.0> Running boot step rabbit_queue_location_min_masters defined by app rabbit
2024-07-31 02:40:27.963234+00:00 [info] <0.254.0> Running boot step rabbit_queue_location_random defined by app rabbit
2024-07-31 02:40:27.963265+00:00 [info] <0.254.0> Running boot step kernel_ready defined by app rabbit
2024-07-31 02:40:27.963274+00:00 [info] <0.254.0> Running boot step rabbit_sysmon_minder defined by app rabbit
2024-07-31 02:40:27.963334+00:00 [info] <0.254.0> Running boot step rabbit_epmd_monitor defined by app rabbit
2024-07-31 02:40:27.963837+00:00 [info] <0.563.0> epmd monitor knows us, inter-node communication (distribution) port: 25672
2024-07-31 02:40:27.963881+00:00 [info] <0.254.0> Running boot step guid_generator defined by app rabbit
2024-07-31 02:40:27.964547+00:00 [info] <0.254.0> Running boot step rabbit_node_monitor defined by app rabbit
2024-07-31 02:40:27.964645+00:00 [info] <0.567.0> Starting rabbit_node_monitor (in ignore mode)
2024-07-31 02:40:27.964695+00:00 [info] <0.254.0> Running boot step delegate_sup defined by app rabbit
2024-07-31 02:40:27.964900+00:00 [info] <0.254.0> Running boot step rabbit_memory_monitor defined by app rabbit
2024-07-31 02:40:27.964982+00:00 [info] <0.254.0> Running boot step rabbit_fifo_dlx_sup defined by app rabbit
2024-07-31 02:40:27.965006+00:00 [info] <0.254.0> Running boot step core_initialized defined by app rabbit
2024-07-31 02:40:27.965019+00:00 [info] <0.254.0> Running boot step rabbit_channel_tracking_handler defined by app rabbit
2024-07-31 02:40:27.965045+00:00 [info] <0.254.0> Running boot step rabbit_connection_tracking_handler defined by app rabbit
2024-07-31 02:40:27.965066+00:00 [info] <0.254.0> Running boot step rabbit_definitions_hashing defined by app rabbit
2024-07-31 02:40:27.965109+00:00 [info] <0.254.0> Running boot step rabbit_exchange_parameters defined by app rabbit
2024-07-31 02:40:27.982986+00:00 [info] <0.254.0> Running boot step rabbit_mirror_queue_misc defined by app rabbit
2024-07-31 02:40:27.983176+00:00 [info] <0.254.0> Running boot step rabbit_policies defined by app rabbit
2024-07-31 02:40:27.983298+00:00 [info] <0.254.0> Running boot step rabbit_policy defined by app rabbit
2024-07-31 02:40:27.983329+00:00 [info] <0.254.0> Running boot step rabbit_queue_location_validator defined by app rabbit
2024-07-31 02:40:27.983363+00:00 [info] <0.254.0> Running boot step rabbit_quorum_memory_manager defined by app rabbit
2024-07-31 02:40:27.983399+00:00 [info] <0.254.0> Running boot step rabbit_quorum_queue defined by app rabbit
2024-07-31 02:40:27.983442+00:00 [info] <0.254.0> Running boot step rabbit_stream_coordinator defined by app rabbit
2024-07-31 02:40:27.983596+00:00 [info] <0.254.0> Running boot step rabbit_vhost_limit defined by app rabbit
2024-07-31 02:40:27.983644+00:00 [info] <0.254.0> Running boot step recovery defined by app rabbit
2024-07-31 02:40:27.991857+00:00 [info] <0.254.0> Running boot step empty_db_check defined by app rabbit
2024-07-31 02:40:27.991886+00:00 [info] <0.254.0> Will seed default virtual host and user...
2024-07-31 02:40:27.991923+00:00 [info] <0.254.0> Adding vhost '/' (description: 'Default virtual host', tags: [])
2024-07-31 02:40:27.994684+00:00 [info] <0.610.0> Making sure data directory '/var/lib/rabbitmq/mnesia/rabbit@020629ca1916/msg_stores/vhosts/628WB79CIFDYO9LJI6DKMI09L' for vhost '/' exists
2024-07-31 02:40:27.995880+00:00 [info] <0.610.0> Setting segment_entry_count for vhost '/' with 0 queues to '2048'
2024-07-31 02:40:27.999931+00:00 [info] <0.610.0> Starting message stores for vhost '/'
2024-07-31 02:40:28.002631+00:00 [info] <0.620.0> Message store "628WB79CIFDYO9LJI6DKMI09L/msg_store_transient": using rabbit_msg_store_ets_index to provide index
2024-07-31 02:40:28.004519+00:00 [info] <0.610.0> Started message store of type transient for vhost '/'
2024-07-31 02:40:28.004584+00:00 [info] <0.624.0> Message store "628WB79CIFDYO9LJI6DKMI09L/msg_store_persistent": using rabbit_msg_store_ets_index to provide index
2024-07-31 02:40:28.004988+00:00 [warning] <0.624.0> Message store "628WB79CIFDYO9LJI6DKMI09L/msg_store_persistent": rebuilding indices from scratch
2024-07-31 02:40:28.005662+00:00 [info] <0.610.0> Started message store of type persistent for vhost '/'
2024-07-31 02:40:28.005712+00:00 [info] <0.610.0> Recovering 0 queues of type rabbit_classic_queue took 9ms
2024-07-31 02:40:28.005728+00:00 [info] <0.610.0> Recovering 0 queues of type rabbit_quorum_queue took 0ms
2024-07-31 02:40:28.005748+00:00 [info] <0.610.0> Recovering 0 queues of type rabbit_stream_queue took 0ms
2024-07-31 02:40:28.006447+00:00 [info] <0.254.0> Created user 'guest'
2024-07-31 02:40:28.006680+00:00 [info] <0.254.0> Successfully set user tags for user 'guest' to [administrator]
2024-07-31 02:40:28.006946+00:00 [info] <0.254.0> Successfully set permissions for user 'guest' in virtual host '/' to '.*', '.*', '.*'
2024-07-31 02:40:28.006964+00:00 [info] <0.254.0> Running boot step rabbit_observer_cli defined by app rabbit
2024-07-31 02:40:28.007007+00:00 [info] <0.254.0> Running boot step rabbit_looking_glass defined by app rabbit
2024-07-31 02:40:28.007023+00:00 [info] <0.254.0> Running boot step rabbit_core_metrics_gc defined by app rabbit
2024-07-31 02:40:28.007060+00:00 [info] <0.254.0> Running boot step background_gc defined by app rabbit
2024-07-31 02:40:28.007143+00:00 [info] <0.254.0> Running boot step routing_ready defined by app rabbit
2024-07-31 02:40:28.007159+00:00 [info] <0.254.0> Running boot step pre_flight defined by app rabbit
2024-07-31 02:40:28.007176+00:00 [info] <0.254.0> Running boot step notify_cluster defined by app rabbit
2024-07-31 02:40:28.007207+00:00 [info] <0.254.0> Running boot step networking defined by app rabbit
2024-07-31 02:40:28.007219+00:00 [info] <0.254.0> Running boot step rabbit_quorum_queue_periodic_membership_reconciliation defined by app rabbit
2024-07-31 02:40:28.007293+00:00 [info] <0.254.0> Running boot step definition_import_worker_pool defined by app rabbit
2024-07-31 02:40:28.007351+00:00 [info] <0.316.0> Starting worker pool 'definition_import_pool' with 8 processes in it
2024-07-31 02:40:28.007572+00:00 [info] <0.254.0> Running boot step cluster_name defined by app rabbit
2024-07-31 02:40:28.007612+00:00 [info] <0.254.0> Initialising internal cluster ID to 'rabbitmq-cluster-id-GLPpW-8fSs9IEv7R-w3qcA'
2024-07-31 02:40:28.007908+00:00 [info] <0.254.0> Running boot step virtual_host_reconciliation defined by app rabbit
2024-07-31 02:40:28.007991+00:00 [info] <0.254.0> Running boot step direct_client defined by app rabbit
2024-07-31 02:40:28.008049+00:00 [info] <0.665.0> Resetting node maintenance status
2024-07-31 02:40:28.008086+00:00 [info] <0.665.0> Ready to start client connection listeners
2024-07-31 02:40:28.018964+00:00 [info] <0.683.0> started TCP listener on [::]:5672
2024-07-31 02:40:28.078120+00:00 [info] <0.665.0> Server startup complete; 0 plugins started.
2024-07-31 02:40:28.210613+00:00 [info] <0.9.0> Time to start RabbitMQ: 2364 ms
