2024-07-31 02:35:11.582234+00:00 [notice] <0.254.0> Logging: configured log handlers are now ACTIVE
2024-07-31 02:35:11.585702+00:00 [info] <0.254.0> ra: starting system quorum_queues
2024-07-31 02:35:11.585731+00:00 [info] <0.254.0> starting Ra system: quorum_queues in directory: /var/lib/rabbitmq/mnesia/rabbit@46af7cd567fc/quorum/rabbit@46af7cd567fc
2024-07-31 02:35:11.621865+00:00 [info] <0.269.0> ra system 'quorum_queues' running pre init for 0 registered servers
2024-07-31 02:35:11.629065+00:00 [info] <0.270.0> ra: meta data store initialised for system quorum_queues. 0 record(s) recovered
2024-07-31 02:35:11.635632+00:00 [notice] <0.275.0> WAL: ra_log_wal init, open tbls: ra_log_open_mem_tables, closed tbls: ra_log_closed_mem_tables
2024-07-31 02:35:11.644682+00:00 [info] <0.254.0> ra: starting system coordination
2024-07-31 02:35:11.644715+00:00 [info] <0.254.0> starting Ra system: coordination in directory: /var/lib/rabbitmq/mnesia/rabbit@46af7cd567fc/coordination/rabbit@46af7cd567fc
2024-07-31 02:35:11.646187+00:00 [info] <0.283.0> ra system 'coordination' running pre init for 0 registered servers
2024-07-31 02:35:11.647035+00:00 [info] <0.284.0> ra: meta data store initialised for system coordination. 0 record(s) recovered
2024-07-31 02:35:11.647109+00:00 [notice] <0.289.0> WAL: ra_coordination_log_wal init, open tbls: ra_coordination_log_open_mem_tables, closed tbls: ra_coordination_log_closed_mem_tables
2024-07-31 02:35:11.648211+00:00 [info] <0.254.0> ra: starting system coordination
2024-07-31 02:35:11.648225+00:00 [info] <0.254.0> starting Ra system: coordination in directory: /var/lib/rabbitmq/mnesia/rabbit@46af7cd567fc/coordination/rabbit@46af7cd567fc
2024-07-31 02:35:11.694455+00:00 [info] <0.254.0> Waiting for Khepri leader for 30000 ms, 9 retries left
2024-07-31 02:35:11.696040+00:00 [notice] <0.293.0> RabbitMQ metadata store: candidate -> leader in term: 1 machine version: 1
2024-07-31 02:35:11.702526+00:00 [info] <0.254.0> Khepri leader elected
2024-07-31 02:35:11.852413+00:00 [info] <0.254.0> 
2024-07-31 02:35:11.852413+00:00 [info] <0.254.0>  Starting RabbitMQ 3.13.6 on Erlang 26.2.5.2 [jit]
2024-07-31 02:35:11.852413+00:00 [info] <0.254.0>  Copyright (c) 2007-2024 Broadcom Inc and/or its subsidiaries
2024-07-31 02:35:11.852413+00:00 [info] <0.254.0>  Licensed under the MPL 2.0. Website: https://rabbitmq.com
2024-07-31 02:35:11.853131+00:00 [info] <0.254.0> 
2024-07-31 02:35:11.853131+00:00 [info] <0.254.0>  node           : rabbit@46af7cd567fc
2024-07-31 02:35:11.853131+00:00 [info] <0.254.0>  home dir       : /var/lib/rabbitmq
2024-07-31 02:35:11.853131+00:00 [info] <0.254.0>  config file(s) : (none)
2024-07-31 02:35:11.853131+00:00 [info] <0.254.0>  cookie hash    : 5ekwfNCQL6vTgolvN+Unmw==
2024-07-31 02:35:11.853131+00:00 [info] <0.254.0>  log(s)         : /var/log/rabbitmq/rabbit@46af7cd567fc.log
2024-07-31 02:35:11.853131+00:00 [info] <0.254.0>                 : <stdout>
2024-07-31 02:35:11.853131+00:00 [info] <0.254.0>  data dir       : /var/lib/rabbitmq/mnesia/rabbit@46af7cd567fc
2024-07-31 02:35:11.892917+00:00 [info] <0.254.0> Running boot step pre_boot defined by app rabbit
2024-07-31 02:35:11.892947+00:00 [info] <0.254.0> Running boot step rabbit_global_counters defined by app rabbit
2024-07-31 02:35:11.893078+00:00 [info] <0.254.0> Running boot step rabbit_osiris_metrics defined by app rabbit
2024-07-31 02:35:11.893128+00:00 [info] <0.254.0> Running boot step rabbit_core_metrics defined by app rabbit
2024-07-31 02:35:11.893385+00:00 [info] <0.254.0> Running boot step rabbit_alarm defined by app rabbit
2024-07-31 02:35:11.897739+00:00 [info] <0.329.0> Memory high watermark set to 3136 MiB (3288829132 bytes) of 7841 MiB (8222072832 bytes) total
2024-07-31 02:35:11.899023+00:00 [info] <0.331.0> Enabling free disk space monitoring (disk free space: 177785647104, total memory: 8222072832)
2024-07-31 02:35:11.899043+00:00 [info] <0.331.0> Disk free limit set to 50MB
2024-07-31 02:35:11.899759+00:00 [info] <0.254.0> Running boot step code_server_cache defined by app rabbit
2024-07-31 02:35:11.899802+00:00 [info] <0.254.0> Running boot step file_handle_cache defined by app rabbit
2024-07-31 02:35:11.902798+00:00 [info] <0.334.0> Limiting to approx 1048479 file handles (943629 sockets)
2024-07-31 02:35:11.902877+00:00 [info] <0.335.0> FHC read buffering: OFF
2024-07-31 02:35:11.902892+00:00 [info] <0.335.0> FHC write buffering: ON
2024-07-31 02:35:11.903269+00:00 [info] <0.254.0> Running boot step worker_pool defined by app rabbit
2024-07-31 02:35:11.903296+00:00 [info] <0.316.0> Will use 8 processes for default worker pool
2024-07-31 02:35:11.903309+00:00 [info] <0.316.0> Starting worker pool 'worker_pool' with 8 processes in it
2024-07-31 02:35:11.903515+00:00 [info] <0.254.0> Running boot step database defined by app rabbit
2024-07-31 02:35:11.903860+00:00 [info] <0.254.0> Peer discovery: configured backend: rabbit_peer_discovery_classic_config
2024-07-31 02:35:11.904495+00:00 [notice] <0.317.0> Feature flags: attempt to enable `quorum_queue_non_voters`...
2024-07-31 02:35:11.938591+00:00 [notice] <0.317.0> Feature flags: `quorum_queue_non_voters` enabled
2024-07-31 02:35:11.938645+00:00 [notice] <0.317.0> Feature flags: attempt to enable `stream_update_config_command`...
2024-07-31 02:35:11.974036+00:00 [notice] <0.317.0> Feature flags: `stream_update_config_command` enabled
2024-07-31 02:35:11.974094+00:00 [notice] <0.317.0> Feature flags: attempt to enable `stream_filtering`...
2024-07-31 02:35:12.008604+00:00 [notice] <0.317.0> Feature flags: `stream_filtering` enabled
2024-07-31 02:35:12.008665+00:00 [notice] <0.317.0> Feature flags: attempt to enable `stream_sac_coordinator_unblock_group`...
2024-07-31 02:35:12.041988+00:00 [notice] <0.317.0> Feature flags: `stream_sac_coordinator_unblock_group` enabled
2024-07-31 02:35:12.042041+00:00 [notice] <0.317.0> Feature flags: attempt to enable `restart_streams`...
2024-07-31 02:35:12.091875+00:00 [notice] <0.317.0> Feature flags: `restart_streams` enabled
2024-07-31 02:35:12.091946+00:00 [notice] <0.317.0> Feature flags: attempt to enable `message_containers`...
2024-07-31 02:35:12.136159+00:00 [notice] <0.317.0> Feature flags: `message_containers` enabled
2024-07-31 02:35:12.136255+00:00 [notice] <0.317.0> Feature flags: attempt to enable `message_containers_deaths_v2`...
2024-07-31 02:35:12.173400+00:00 [notice] <0.317.0> Feature flags: `message_containers_deaths_v2` enabled
2024-07-31 02:35:12.173736+00:00 [info] <0.254.0> DB: virgin node -> run peer discovery
2024-07-31 02:35:12.181632+00:00 [notice] <0.44.0> Application mnesia exited with reason: stopped
2024-07-31 02:35:12.254240+00:00 [info] <0.254.0> Waiting for Mnesia tables for 30000 ms, 9 retries left
2024-07-31 02:35:12.254301+00:00 [info] <0.254.0> Successfully synced tables from a peer
2024-07-31 02:35:12.254360+00:00 [info] <0.254.0> Waiting for Mnesia tables for 30000 ms, 9 retries left
2024-07-31 02:35:12.254392+00:00 [info] <0.254.0> Successfully synced tables from a peer
2024-07-31 02:35:12.256163+00:00 [info] <0.254.0> Waiting for Mnesia tables for 30000 ms, 9 retries left
2024-07-31 02:35:12.256238+00:00 [info] <0.254.0> Successfully synced tables from a peer
2024-07-31 02:35:12.256374+00:00 [info] <0.254.0> Running boot step tracking_metadata_store defined by app rabbit
2024-07-31 02:35:12.256403+00:00 [info] <0.555.0> Setting up a table for connection tracking on this node: tracked_connection
2024-07-31 02:35:12.256424+00:00 [info] <0.555.0> Setting up a table for per-vhost connection counting on this node: tracked_connection_per_vhost
2024-07-31 02:35:12.256456+00:00 [info] <0.555.0> Setting up a table for per-user connection counting on this node: tracked_connection_per_user
2024-07-31 02:35:12.256485+00:00 [info] <0.555.0> Setting up a table for channel tracking on this node: tracked_channel
2024-07-31 02:35:12.256511+00:00 [info] <0.555.0> Setting up a table for channel tracking on this node: tracked_channel_per_user
2024-07-31 02:35:12.256546+00:00 [info] <0.254.0> Running boot step networking_metadata_store defined by app rabbit
2024-07-31 02:35:12.256603+00:00 [info] <0.254.0> Running boot step feature_flags defined by app rabbit
2024-07-31 02:35:12.256664+00:00 [info] <0.254.0> Running boot step codec_correctness_check defined by app rabbit
2024-07-31 02:35:12.256674+00:00 [info] <0.254.0> Running boot step external_infrastructure defined by app rabbit
2024-07-31 02:35:12.256705+00:00 [info] <0.254.0> Running boot step rabbit_event defined by app rabbit
2024-07-31 02:35:12.256777+00:00 [info] <0.254.0> Running boot step rabbit_registry defined by app rabbit
2024-07-31 02:35:12.256800+00:00 [info] <0.254.0> Running boot step rabbit_auth_mechanism_amqplain defined by app rabbit
2024-07-31 02:35:12.256839+00:00 [info] <0.254.0> Running boot step rabbit_auth_mechanism_cr_demo defined by app rabbit
2024-07-31 02:35:12.256860+00:00 [info] <0.254.0> Running boot step rabbit_auth_mechanism_plain defined by app rabbit
2024-07-31 02:35:12.256880+00:00 [info] <0.254.0> Running boot step rabbit_exchange_type_direct defined by app rabbit
2024-07-31 02:35:12.256897+00:00 [info] <0.254.0> Running boot step rabbit_exchange_type_fanout defined by app rabbit
2024-07-31 02:35:12.256916+00:00 [info] <0.254.0> Running boot step rabbit_exchange_type_headers defined by app rabbit
2024-07-31 02:35:12.256934+00:00 [info] <0.254.0> Running boot step rabbit_exchange_type_topic defined by app rabbit
2024-07-31 02:35:12.256952+00:00 [info] <0.254.0> Running boot step rabbit_mirror_queue_mode_all defined by app rabbit
2024-07-31 02:35:12.256968+00:00 [info] <0.254.0> Running boot step rabbit_mirror_queue_mode_exactly defined by app rabbit
2024-07-31 02:35:12.256993+00:00 [info] <0.254.0> Running boot step rabbit_mirror_queue_mode_nodes defined by app rabbit
2024-07-31 02:35:12.257013+00:00 [info] <0.254.0> Running boot step rabbit_priority_queue defined by app rabbit
2024-07-31 02:35:12.257030+00:00 [info] <0.254.0> Priority queues enabled, real BQ is rabbit_variable_queue
2024-07-31 02:35:12.257067+00:00 [info] <0.254.0> Running boot step rabbit_queue_location_client_local defined by app rabbit
2024-07-31 02:35:12.257106+00:00 [info] <0.254.0> Running boot step rabbit_queue_location_min_masters defined by app rabbit
2024-07-31 02:35:12.257144+00:00 [info] <0.254.0> Running boot step rabbit_queue_location_random defined by app rabbit
2024-07-31 02:35:12.257162+00:00 [info] <0.254.0> Running boot step kernel_ready defined by app rabbit
2024-07-31 02:35:12.257178+00:00 [info] <0.254.0> Running boot step rabbit_sysmon_minder defined by app rabbit
2024-07-31 02:35:12.257239+00:00 [info] <0.254.0> Running boot step rabbit_epmd_monitor defined by app rabbit
2024-07-31 02:35:12.258941+00:00 [info] <0.563.0> epmd monitor knows us, inter-node communication (distribution) port: 25672
2024-07-31 02:35:12.259001+00:00 [info] <0.254.0> Running boot step guid_generator defined by app rabbit
2024-07-31 02:35:12.260131+00:00 [info] <0.254.0> Running boot step rabbit_node_monitor defined by app rabbit
2024-07-31 02:35:12.260228+00:00 [info] <0.567.0> Starting rabbit_node_monitor (in ignore mode)
2024-07-31 02:35:12.260284+00:00 [info] <0.254.0> Running boot step delegate_sup defined by app rabbit
2024-07-31 02:35:12.260547+00:00 [info] <0.254.0> Running boot step rabbit_memory_monitor defined by app rabbit
2024-07-31 02:35:12.260655+00:00 [info] <0.254.0> Running boot step rabbit_fifo_dlx_sup defined by app rabbit
2024-07-31 02:35:12.260691+00:00 [info] <0.254.0> Running boot step core_initialized defined by app rabbit
2024-07-31 02:35:12.260700+00:00 [info] <0.254.0> Running boot step rabbit_channel_tracking_handler defined by app rabbit
2024-07-31 02:35:12.260727+00:00 [info] <0.254.0> Running boot step rabbit_connection_tracking_handler defined by app rabbit
2024-07-31 02:35:12.260744+00:00 [info] <0.254.0> Running boot step rabbit_definitions_hashing defined by app rabbit
2024-07-31 02:35:12.260773+00:00 [info] <0.254.0> Running boot step rabbit_exchange_parameters defined by app rabbit
2024-07-31 02:35:12.277421+00:00 [info] <0.254.0> Running boot step rabbit_mirror_queue_misc defined by app rabbit
2024-07-31 02:35:12.277637+00:00 [info] <0.254.0> Running boot step rabbit_policies defined by app rabbit
2024-07-31 02:35:12.277753+00:00 [info] <0.254.0> Running boot step rabbit_policy defined by app rabbit
2024-07-31 02:35:12.277783+00:00 [info] <0.254.0> Running boot step rabbit_queue_location_validator defined by app rabbit
2024-07-31 02:35:12.277811+00:00 [info] <0.254.0> Running boot step rabbit_quorum_memory_manager defined by app rabbit
2024-07-31 02:35:12.277838+00:00 [info] <0.254.0> Running boot step rabbit_quorum_queue defined by app rabbit
2024-07-31 02:35:12.277905+00:00 [info] <0.254.0> Running boot step rabbit_stream_coordinator defined by app rabbit
2024-07-31 02:35:12.278031+00:00 [info] <0.254.0> Running boot step rabbit_vhost_limit defined by app rabbit
2024-07-31 02:35:12.278066+00:00 [info] <0.254.0> Running boot step recovery defined by app rabbit
2024-07-31 02:35:12.286651+00:00 [info] <0.254.0> Running boot step empty_db_check defined by app rabbit
2024-07-31 02:35:12.286675+00:00 [info] <0.254.0> Will seed default virtual host and user...
2024-07-31 02:35:12.286719+00:00 [info] <0.254.0> Adding vhost '/' (description: 'Default virtual host', tags: [])
2024-07-31 02:35:12.288891+00:00 [info] <0.610.0> Making sure data directory '/var/lib/rabbitmq/mnesia/rabbit@46af7cd567fc/msg_stores/vhosts/628WB79CIFDYO9LJI6DKMI09L' for vhost '/' exists
2024-07-31 02:35:12.290311+00:00 [info] <0.610.0> Setting segment_entry_count for vhost '/' with 0 queues to '2048'
2024-07-31 02:35:12.294316+00:00 [info] <0.610.0> Starting message stores for vhost '/'
2024-07-31 02:35:12.297185+00:00 [info] <0.620.0> Message store "628WB79CIFDYO9LJI6DKMI09L/msg_store_transient": using rabbit_msg_store_ets_index to provide index
2024-07-31 02:35:12.298393+00:00 [info] <0.610.0> Started message store of type transient for vhost '/'
2024-07-31 02:35:12.298460+00:00 [info] <0.624.0> Message store "628WB79CIFDYO9LJI6DKMI09L/msg_store_persistent": using rabbit_msg_store_ets_index to provide index
2024-07-31 02:35:12.298829+00:00 [warning] <0.624.0> Message store "628WB79CIFDYO9LJI6DKMI09L/msg_store_persistent": rebuilding indices from scratch
2024-07-31 02:35:12.299600+00:00 [info] <0.610.0> Started message store of type persistent for vhost '/'
2024-07-31 02:35:12.299645+00:00 [info] <0.610.0> Recovering 0 queues of type rabbit_classic_queue took 8ms
2024-07-31 02:35:12.299667+00:00 [info] <0.610.0> Recovering 0 queues of type rabbit_quorum_queue took 0ms
2024-07-31 02:35:12.299685+00:00 [info] <0.610.0> Recovering 0 queues of type rabbit_stream_queue took 0ms
2024-07-31 02:35:12.300529+00:00 [info] <0.254.0> Created user 'guest'
2024-07-31 02:35:12.300742+00:00 [info] <0.254.0> Successfully set user tags for user 'guest' to [administrator]
2024-07-31 02:35:12.301000+00:00 [info] <0.254.0> Successfully set permissions for user 'guest' in virtual host '/' to '.*', '.*', '.*'
2024-07-31 02:35:12.301019+00:00 [info] <0.254.0> Running boot step rabbit_observer_cli defined by app rabbit
2024-07-31 02:35:12.301038+00:00 [info] <0.254.0> Running boot step rabbit_looking_glass defined by app rabbit
2024-07-31 02:35:12.301048+00:00 [info] <0.254.0> Running boot step rabbit_core_metrics_gc defined by app rabbit
2024-07-31 02:35:12.301106+00:00 [info] <0.254.0> Running boot step background_gc defined by app rabbit
2024-07-31 02:35:12.301172+00:00 [info] <0.254.0> Running boot step routing_ready defined by app rabbit
2024-07-31 02:35:12.301183+00:00 [info] <0.254.0> Running boot step pre_flight defined by app rabbit
2024-07-31 02:35:12.301203+00:00 [info] <0.254.0> Running boot step notify_cluster defined by app rabbit
2024-07-31 02:35:12.301216+00:00 [info] <0.254.0> Running boot step networking defined by app rabbit
2024-07-31 02:35:12.301245+00:00 [info] <0.254.0> Running boot step rabbit_quorum_queue_periodic_membership_reconciliation defined by app rabbit
2024-07-31 02:35:12.301301+00:00 [info] <0.254.0> Running boot step definition_import_worker_pool defined by app rabbit
2024-07-31 02:35:12.301346+00:00 [info] <0.316.0> Starting worker pool 'definition_import_pool' with 8 processes in it
2024-07-31 02:35:12.301477+00:00 [info] <0.254.0> Running boot step cluster_name defined by app rabbit
2024-07-31 02:35:12.301509+00:00 [info] <0.254.0> Initialising internal cluster ID to 'rabbitmq-cluster-id-11iOvr9pbA0LA8E9TxkS9w'
2024-07-31 02:35:12.301876+00:00 [info] <0.254.0> Running boot step virtual_host_reconciliation defined by app rabbit
2024-07-31 02:35:12.301983+00:00 [info] <0.254.0> Running boot step direct_client defined by app rabbit
2024-07-31 02:35:12.302068+00:00 [info] <0.665.0> Resetting node maintenance status
2024-07-31 02:35:12.302156+00:00 [info] <0.665.0> Ready to start client connection listeners
2024-07-31 02:35:12.315950+00:00 [info] <0.683.0> started TCP listener on [::]:5672
2024-07-31 02:35:12.369838+00:00 [info] <0.665.0> Server startup complete; 0 plugins started.
2024-07-31 02:35:12.504755+00:00 [info] <0.9.0> Time to start RabbitMQ: 2262 ms
2024-07-31 02:35:13.024586+00:00 [info] <0.687.0> accepting AMQP connection <0.687.0> (192.168.65.1:24728 -> 172.19.0.4:5672)
2024-07-31 02:35:13.033730+00:00 [info] <0.687.0> connection <0.687.0> (192.168.65.1:24728 -> 172.19.0.4:5672) has a client-provided name: connectionFactory#15651402:3
2024-07-31 02:35:13.033974+00:00 [error] <0.687.0> Error on AMQP connection <0.687.0> (192.168.65.1:24728 -> 172.19.0.4:5672, state: starting):
2024-07-31 02:35:13.033974+00:00 [error] <0.687.0> PLAIN login refused: user 'guest' can only connect via localhost
2024-07-31 02:35:13.034638+00:00 [info] <0.687.0> closing AMQP connection <0.687.0> (192.168.65.1:24728 -> 172.19.0.4:5672 - connectionFactory#15651402:3)
2024-07-31 02:35:13.041418+00:00 [info] <0.693.0> accepting AMQP connection <0.693.0> (192.168.65.1:24729 -> 172.19.0.4:5672)
2024-07-31 02:35:13.043593+00:00 [info] <0.693.0> connection <0.693.0> (192.168.65.1:24729 -> 172.19.0.4:5672) has a client-provided name: connectionFactory#15651402:3
2024-07-31 02:35:13.043893+00:00 [error] <0.693.0> Error on AMQP connection <0.693.0> (192.168.65.1:24729 -> 172.19.0.4:5672, state: starting):
2024-07-31 02:35:13.043893+00:00 [error] <0.693.0> PLAIN login refused: user 'guest' can only connect via localhost
2024-07-31 02:35:13.044595+00:00 [info] <0.693.0> closing AMQP connection <0.693.0> (192.168.65.1:24729 -> 172.19.0.4:5672 - connectionFactory#15651402:3)
2024-07-31 02:35:13.055545+00:00 [info] <0.698.0> accepting AMQP connection <0.698.0> (192.168.65.1:24730 -> 172.19.0.4:5672)
2024-07-31 02:35:13.057600+00:00 [info] <0.698.0> connection <0.698.0> (192.168.65.1:24730 -> 172.19.0.4:5672) has a client-provided name: connectionFactory#15651402:4
2024-07-31 02:35:13.057908+00:00 [error] <0.698.0> Error on AMQP connection <0.698.0> (192.168.65.1:24730 -> 172.19.0.4:5672, state: starting):
2024-07-31 02:35:13.057908+00:00 [error] <0.698.0> PLAIN login refused: user 'guest' can only connect via localhost
2024-07-31 02:35:13.058393+00:00 [info] <0.698.0> closing AMQP connection <0.698.0> (192.168.65.1:24730 -> 172.19.0.4:5672 - connectionFactory#15651402:4)
2024-07-31 02:35:13.059277+00:00 [info] <0.703.0> accepting AMQP connection <0.703.0> (192.168.65.1:24731 -> 172.19.0.4:5672)
2024-07-31 02:35:13.060600+00:00 [info] <0.703.0> connection <0.703.0> (192.168.65.1:24731 -> 172.19.0.4:5672) has a client-provided name: connectionFactory#15651402:4
2024-07-31 02:35:13.060802+00:00 [error] <0.703.0> Error on AMQP connection <0.703.0> (192.168.65.1:24731 -> 172.19.0.4:5672, state: starting):
2024-07-31 02:35:13.060802+00:00 [error] <0.703.0> PLAIN login refused: user 'guest' can only connect via localhost
2024-07-31 02:35:13.061598+00:00 [info] <0.703.0> closing AMQP connection <0.703.0> (192.168.65.1:24731 -> 172.19.0.4:5672 - connectionFactory#15651402:4)
2024-07-31 02:40:19.811007+00:00 [notice] <0.64.0> SIGTERM received - shutting down
2024-07-31 02:40:19.811007+00:00 [notice] <0.64.0> 
2024-07-31 02:40:19.817482+00:00 [info] <0.683.0> stopped TCP listener on [::]:5672
2024-07-31 02:40:19.820379+00:00 [info] <0.610.0> Virtual host '/' is stopping
2024-07-31 02:40:19.820536+00:00 [info] <0.745.0> Closing all connections in vhost '/' on node 'rabbit@46af7cd567fc' because the vhost is stopping
2024-07-31 02:40:19.820635+00:00 [info] <0.624.0> Stopping message store for directory '/var/lib/rabbitmq/mnesia/rabbit@46af7cd567fc/msg_stores/vhosts/628WB79CIFDYO9LJI6DKMI09L/msg_store_persistent'
2024-07-31 02:40:19.866974+00:00 [info] <0.624.0> Message store for directory '/var/lib/rabbitmq/mnesia/rabbit@46af7cd567fc/msg_stores/vhosts/628WB79CIFDYO9LJI6DKMI09L/msg_store_persistent' is stopped
2024-07-31 02:40:19.867191+00:00 [info] <0.620.0> Stopping message store for directory '/var/lib/rabbitmq/mnesia/rabbit@46af7cd567fc/msg_stores/vhosts/628WB79CIFDYO9LJI6DKMI09L/msg_store_transient'
2024-07-31 02:40:19.872413+00:00 [info] <0.620.0> Message store for directory '/var/lib/rabbitmq/mnesia/rabbit@46af7cd567fc/msg_stores/vhosts/628WB79CIFDYO9LJI6DKMI09L/msg_store_transient' is stopped
